timestamp: 2023-05-10T20:39:55.304071
CREATE TABLE "py4web_session"(
    "id" INTEGER PRIMARY KEY AUTOINCREMENT,
    "rkey" CHAR(512),
    "rvalue" TEXT,
    "expiration" INTEGER,
    "created_on" TIMESTAMP,
    "expires_on" TIMESTAMP
);
success!
timestamp: 2023-05-10T20:39:55.307562
CREATE TABLE "auth_user"(
    "id" INTEGER PRIMARY KEY AUTOINCREMENT,
    "email" CHAR(512) UNIQUE,
    "password" CHAR(512),
    "first_name" CHAR(512),
    "last_name" CHAR(512),
    "sso_id" CHAR(512),
    "action_token" CHAR(512),
    "last_password_change" TIMESTAMP,
    "past_passwords_hash" TEXT
);
success!
timestamp: 2023-05-10T20:39:55.309525
CREATE TABLE "auth_user_tag_groups"(
    "id" INTEGER PRIMARY KEY AUTOINCREMENT,
    "tagpath" CHAR(512),
    "record_id" INTEGER REFERENCES "auth_user" ("id") ON DELETE CASCADE ON UPDATE CASCADE  
);
success!
timestamp: 2023-05-11T22:35:52.943407
CREATE TABLE "coaches"(
    "id" INTEGER PRIMARY KEY AUTOINCREMENT,
    "first_name_coach" CHAR(512),
    "last_name_coach" CHAR(512),
    "email_coach" INTEGER REFERENCES "auth_user" ("id") ON DELETE CASCADE ON UPDATE CASCADE  ,
    "phone_num_coach" CHAR(512),
    "state_coach" CHAR(512),
    "city_coach" CHAR(512),
    "about_coach" CHAR(512)
);
success!
timestamp: 2023-05-14T18:51:53.244774
ALTER TABLE "coaches" ADD "user_id" INTEGER REFERENCES "auth_user" ("id") ON DELETE CASCADE ON UPDATE CASCADE  ;
success!
